<?xml version="1.0" encoding="UTF-8"?>
<testng-results ignored="0" total="4" passed="4" failed="0" skipped="0">
  <reporter-output>
  </reporter-output>
  <suite started-at="2024-09-20T10:57:14 IST" name="Surefire suite" finished-at="2024-09-20T10:58:23 IST" duration-ms="69902">
    <groups>
    </groups>
    <test started-at="2024-09-20T10:57:14 IST" name="Surefire test" finished-at="2024-09-20T10:58:23 IST" duration-ms="69902">
      <class name="login.TestPrescriptionLogin">
        <test-method signature="login()[pri:1, instance:login.TestPrescriptionLogin@36f0f1be]" started-at="2024-09-20T10:57:50 IST" name="login" finished-at="2024-09-20T10:58:23 IST" duration-ms="32886" status="PASS">
          <reporter-output>
          </reporter-output>
        </test-method> <!-- login -->
        <test-method signature="quitBrowser()[pri:2, instance:login.TestPrescriptionLogin@36f0f1be]" started-at="2024-09-20T10:58:23 IST" name="quitBrowser" finished-at="2024-09-20T10:58:23 IST" duration-ms="630" status="PASS">
          <reporter-output>
          </reporter-output>
        </test-method> <!-- quitBrowser -->
      </class> <!-- login.TestPrescriptionLogin -->
      <class name="login.TestMERIDIQLogin">
        <test-method signature="login()[pri:1, instance:login.TestMERIDIQLogin@145eaa29]" started-at="2024-09-20T10:57:14 IST" name="login" finished-at="2024-09-20T10:57:49 IST" duration-ms="35573" status="PASS">
          <reporter-output>
          </reporter-output>
        </test-method> <!-- login -->
        <test-method signature="quitBrowser()[pri:2, instance:login.TestMERIDIQLogin@145eaa29]" started-at="2024-09-20T10:57:49 IST" name="quitBrowser" finished-at="2024-09-20T10:57:50 IST" duration-ms="539" status="PASS">
          <reporter-output>
          </reporter-output>
        </test-method> <!-- quitBrowser -->
      </class> <!-- login.TestMERIDIQLogin -->
    </test> <!-- Surefire test -->
  </suite> <!-- Surefire suite -->
</testng-results>
